2025-04-22 14:36:52,990 INFO    MainThread:8544 [wandb_setup.py:_flush():67] Current SDK version is 0.19.8
2025-04-22 14:36:52,990 INFO    MainThread:8544 [wandb_setup.py:_flush():67] Configure stats pid to 8544
2025-04-22 14:36:52,990 INFO    MainThread:8544 [wandb_setup.py:_flush():67] Loading settings from C:\Users\xande\.config\wandb\settings
2025-04-22 14:36:52,990 INFO    MainThread:8544 [wandb_setup.py:_flush():67] Loading settings from C:\Tue\Master\Jaar_2\graduation\code\own_approach\wandb\settings
2025-04-22 14:36:52,990 INFO    MainThread:8544 [wandb_setup.py:_flush():67] Loading settings from environment variables
2025-04-22 14:36:52,990 INFO    MainThread:8544 [wandb_init.py:setup_run_log_directory():647] Logging user logs to C:\Tue\Master\Jaar_2\graduation\code\own_approach\wandb\run-20250422_143652-8iq24xtx\logs\debug.log
2025-04-22 14:36:52,990 INFO    MainThread:8544 [wandb_init.py:setup_run_log_directory():648] Logging internal logs to C:\Tue\Master\Jaar_2\graduation\code\own_approach\wandb\run-20250422_143652-8iq24xtx\logs\debug-internal.log
2025-04-22 14:36:52,990 INFO    MainThread:8544 [wandb_init.py:init():761] calling init triggers
2025-04-22 14:36:52,990 INFO    MainThread:8544 [wandb_init.py:init():766] wandb.init called with sweep_config: {}
config: {'train': {'batch_size': 16, 'epochs': 50, 'ui': 'tqdm', 'checkpoint_dir': WindowsPath('../../checkpoints')}, 'data': {'data_dir': WindowsPath('C:/Tue/Master/Jaar_2/graduation/code/own_approach/data'), 'dataset_type': 'single_user', 'downsample_multiplier': 100, 'transformation': <src.signal_to_image.recurrence_plot_transform.RP object at 0x000002F456801190>, 'bvp_agg': 'sum', 'amp_pipeline': <src.signal_processing.pipeline.Pipeline object at 0x000002F459A47A40>, 'phase_pipeline': <src.signal_processing.pipeline.Pipeline object at 0x000002F459A479B0>, 'bvp_pipeline': 0}, 'encoder': {'dropout': 0.18, 'latent_dim': 60, 'activation_fn': 'leaky', 'Backbone_type': 'ResNet', 'normalization': False, 'initial_kernel_size': 7, 'init_channels': 64, 'growth_rate': 32, 'num_layers': [6, 12, 18]}, 'mt': {'decoder_dropout': 0.26, 'decoder_activation_fn': 'leaky', 'predictor_dropout': 0.28, 'predictor_activation_fn': 'selu', 'predictor_num_layers': 4}, 'embed': {'value_type': 'probability-measure', 'agent_type': 'ppo', 'reward_function': 'maximize_difference', 'embed_size': 33, 'start_epoch': 15, 'epochs': 2, 'critic_num_layers': 3, 'critic_dropout': 0.3, 'actor_num_layers': 3, 'actor_dropout': 0.3, 'lr': 0.0001, 'anneal_lr': True, 'gamma': 0.99, 'gae_lambda': 0.95, 'norm_advantage': True, 'clip_coef': 0.2, 'clip_value_loss': True, 'entropy_coef': 0.0, 'value_func_coef': 0.5, 'max_grad_norm': 0.5, 'target_kl': None}, 'optim_loss': {'optimizer': 'adam', 'lr': 0.00022, 'alpha': 8e-05, 'beta': 0.5}, 'debug': {'is_debug': False, 'on_cpu': False, 'offline': False}, '_wandb': {}}
2025-04-22 14:36:52,990 INFO    MainThread:8544 [wandb_init.py:init():784] starting backend
2025-04-22 14:36:52,990 INFO    MainThread:8544 [wandb_init.py:init():788] sending inform_init request
2025-04-22 14:36:53,067 INFO    MainThread:8544 [backend.py:_multiprocessing_setup():101] multiprocessing start_methods=spawn, using: spawn
2025-04-22 14:36:53,067 INFO    MainThread:8544 [wandb_init.py:init():798] backend started and connected
2025-04-22 14:36:53,069 INFO    MainThread:8544 [wandb_init.py:init():891] updated telemetry
2025-04-22 14:36:53,072 INFO    MainThread:8544 [wandb_init.py:init():915] communicating run to backend with 90.0 second timeout
2025-04-22 14:36:53,680 INFO    MainThread:8544 [wandb_init.py:init():990] starting run threads in backend
2025-04-22 14:36:54,063 INFO    MainThread:8544 [wandb_run.py:_console_start():2375] atexit reg
2025-04-22 14:36:54,063 INFO    MainThread:8544 [wandb_run.py:_redirect():2227] redirect: wrap_raw
2025-04-22 14:36:54,064 INFO    MainThread:8544 [wandb_run.py:_redirect():2292] Wrapping output streams.
2025-04-22 14:36:54,064 INFO    MainThread:8544 [wandb_run.py:_redirect():2315] Redirects installed.
2025-04-22 14:36:54,067 INFO    MainThread:8544 [wandb_init.py:init():1032] run started, returning control to user process
2025-04-22 14:37:28,189 WARNING MsgRouterThr:8544 [router.py:message_loop():63] message_loop has been closed
Traceback (most recent call last):
  File "C:\Users\xande\anaconda3\Lib\site-packages\wandb\sdk\lib\sock_client.py", line 208, in _read_packet_bytes
    data = self._sock.recv(self._bufsize)
           ^^^^^^^^^^^^^^^^^^^^^^^^^^^^^^
ConnectionResetError: [WinError 10054] De externe host heeft een verbinding verbroken

The above exception was the direct cause of the following exception:

Traceback (most recent call last):
  File "C:\Users\xande\anaconda3\Lib\site-packages\wandb\sdk\interface\router_sock.py", line 27, in _read_message
    return self._sock_client.read_server_response(timeout=1)
           ^^^^^^^^^^^^^^^^^^^^^^^^^^^^^^^^^^^^^^^^^^^^^^^^^
  File "C:\Users\xande\anaconda3\Lib\site-packages\wandb\sdk\lib\sock_client.py", line 235, in read_server_response
    data = self._read_packet_bytes(timeout=timeout)
           ^^^^^^^^^^^^^^^^^^^^^^^^^^^^^^^^^^^^^^^^
  File "C:\Users\xande\anaconda3\Lib\site-packages\wandb\sdk\lib\sock_client.py", line 212, in _read_packet_bytes
    raise SockClientClosedError from e
wandb.sdk.lib.sock_client.SockClientClosedError

The above exception was the direct cause of the following exception:

Traceback (most recent call last):
  File "C:\Users\xande\anaconda3\Lib\site-packages\wandb\sdk\interface\router.py", line 56, in message_loop
    msg = self._read_message()
          ^^^^^^^^^^^^^^^^^^^^
  File "C:\Users\xande\anaconda3\Lib\site-packages\wandb\sdk\interface\router_sock.py", line 29, in _read_message
    raise MessageRouterClosedError from e
wandb.sdk.interface.router.MessageRouterClosedError
2025-04-22 14:37:28,189 INFO    MsgRouterThr:8544 [mailbox.py:close():129] Closing mailbox, abandoning 1 handles.
2025-04-22 14:37:28,261 ERROR   MainThread:8544 [redirect.py:_on_write():661] error in stderr callback
Traceback (most recent call last):
  File "C:\Users\xande\anaconda3\Lib\site-packages\wandb\sdk\lib\redirect.py", line 659, in _on_write
    cb(written_data)
  File "C:\Users\xande\anaconda3\Lib\site-packages\wandb\sdk\wandb_run.py", line 2302, in <lambda>
    lambda data: self._console_raw_callback("stderr", data),
                 ^^^^^^^^^^^^^^^^^^^^^^^^^^^^^^^^^^^^^^^^^^
  File "C:\Users\xande\anaconda3\Lib\site-packages\wandb\sdk\wandb_run.py", line 401, in wrapper_fn
    return func(self, *args, **kwargs)
           ^^^^^^^^^^^^^^^^^^^^^^^^^^^
  File "C:\Users\xande\anaconda3\Lib\site-packages\wandb\sdk\wandb_run.py", line 1444, in _console_raw_callback
    self._backend.interface.publish_output_raw(name, data)
  File "C:\Users\xande\anaconda3\Lib\site-packages\wandb\sdk\interface\interface.py", line 761, in publish_output_raw
    self._publish_output_raw(o)
  File "C:\Users\xande\anaconda3\Lib\site-packages\wandb\sdk\interface\interface_shared.py", line 38, in _publish_output_raw
    self._publish(rec)
  File "C:\Users\xande\anaconda3\Lib\site-packages\wandb\sdk\interface\interface_sock.py", line 39, in _publish
    self._sock_client.send_record_publish(record)
  File "C:\Users\xande\anaconda3\Lib\site-packages\wandb\sdk\lib\sock_client.py", line 174, in send_record_publish
    self.send_server_request(server_req)
  File "C:\Users\xande\anaconda3\Lib\site-packages\wandb\sdk\lib\sock_client.py", line 154, in send_server_request
    self._send_message(msg)
  File "C:\Users\xande\anaconda3\Lib\site-packages\wandb\sdk\lib\sock_client.py", line 151, in _send_message
    self._sendall_with_error_handle(header + data)
  File "C:\Users\xande\anaconda3\Lib\site-packages\wandb\sdk\lib\sock_client.py", line 130, in _sendall_with_error_handle
    sent = self._sock.send(data)
           ^^^^^^^^^^^^^^^^^^^^^
ConnectionResetError: [WinError 10054] De externe host heeft een verbinding verbroken
2025-04-22 14:37:28,295 ERROR   MainThread:8544 [redirect.py:_on_write():661] error in stderr callback
Traceback (most recent call last):
  File "C:\Users\xande\anaconda3\Lib\site-packages\wandb\sdk\lib\redirect.py", line 659, in _on_write
    cb(written_data)
  File "C:\Users\xande\anaconda3\Lib\site-packages\wandb\sdk\wandb_run.py", line 2302, in <lambda>
    lambda data: self._console_raw_callback("stderr", data),
                 ^^^^^^^^^^^^^^^^^^^^^^^^^^^^^^^^^^^^^^^^^^
  File "C:\Users\xande\anaconda3\Lib\site-packages\wandb\sdk\wandb_run.py", line 401, in wrapper_fn
    return func(self, *args, **kwargs)
           ^^^^^^^^^^^^^^^^^^^^^^^^^^^
  File "C:\Users\xande\anaconda3\Lib\site-packages\wandb\sdk\wandb_run.py", line 1444, in _console_raw_callback
    self._backend.interface.publish_output_raw(name, data)
  File "C:\Users\xande\anaconda3\Lib\site-packages\wandb\sdk\interface\interface.py", line 761, in publish_output_raw
    self._publish_output_raw(o)
  File "C:\Users\xande\anaconda3\Lib\site-packages\wandb\sdk\interface\interface_shared.py", line 38, in _publish_output_raw
    self._publish(rec)
  File "C:\Users\xande\anaconda3\Lib\site-packages\wandb\sdk\interface\interface_sock.py", line 39, in _publish
    self._sock_client.send_record_publish(record)
  File "C:\Users\xande\anaconda3\Lib\site-packages\wandb\sdk\lib\sock_client.py", line 174, in send_record_publish
    self.send_server_request(server_req)
  File "C:\Users\xande\anaconda3\Lib\site-packages\wandb\sdk\lib\sock_client.py", line 154, in send_server_request
    self._send_message(msg)
  File "C:\Users\xande\anaconda3\Lib\site-packages\wandb\sdk\lib\sock_client.py", line 151, in _send_message
    self._sendall_with_error_handle(header + data)
  File "C:\Users\xande\anaconda3\Lib\site-packages\wandb\sdk\lib\sock_client.py", line 130, in _sendall_with_error_handle
    sent = self._sock.send(data)
           ^^^^^^^^^^^^^^^^^^^^^
ConnectionResetError: [WinError 10054] De externe host heeft een verbinding verbroken
2025-04-22 14:37:28,298 ERROR   MainThread:8544 [redirect.py:_on_write():661] error in stderr callback
Traceback (most recent call last):
  File "C:\Users\xande\anaconda3\Lib\site-packages\wandb\sdk\lib\redirect.py", line 659, in _on_write
    cb(written_data)
  File "C:\Users\xande\anaconda3\Lib\site-packages\wandb\sdk\wandb_run.py", line 2302, in <lambda>
    lambda data: self._console_raw_callback("stderr", data),
                 ^^^^^^^^^^^^^^^^^^^^^^^^^^^^^^^^^^^^^^^^^^
  File "C:\Users\xande\anaconda3\Lib\site-packages\wandb\sdk\wandb_run.py", line 401, in wrapper_fn
    return func(self, *args, **kwargs)
           ^^^^^^^^^^^^^^^^^^^^^^^^^^^
  File "C:\Users\xande\anaconda3\Lib\site-packages\wandb\sdk\wandb_run.py", line 1444, in _console_raw_callback
    self._backend.interface.publish_output_raw(name, data)
  File "C:\Users\xande\anaconda3\Lib\site-packages\wandb\sdk\interface\interface.py", line 761, in publish_output_raw
    self._publish_output_raw(o)
  File "C:\Users\xande\anaconda3\Lib\site-packages\wandb\sdk\interface\interface_shared.py", line 38, in _publish_output_raw
    self._publish(rec)
  File "C:\Users\xande\anaconda3\Lib\site-packages\wandb\sdk\interface\interface_sock.py", line 39, in _publish
    self._sock_client.send_record_publish(record)
  File "C:\Users\xande\anaconda3\Lib\site-packages\wandb\sdk\lib\sock_client.py", line 174, in send_record_publish
    self.send_server_request(server_req)
  File "C:\Users\xande\anaconda3\Lib\site-packages\wandb\sdk\lib\sock_client.py", line 154, in send_server_request
    self._send_message(msg)
  File "C:\Users\xande\anaconda3\Lib\site-packages\wandb\sdk\lib\sock_client.py", line 151, in _send_message
    self._sendall_with_error_handle(header + data)
  File "C:\Users\xande\anaconda3\Lib\site-packages\wandb\sdk\lib\sock_client.py", line 130, in _sendall_with_error_handle
    sent = self._sock.send(data)
           ^^^^^^^^^^^^^^^^^^^^^
ConnectionResetError: [WinError 10054] De externe host heeft een verbinding verbroken
2025-04-22 14:37:28,300 ERROR   MainThread:8544 [redirect.py:_on_write():661] error in stderr callback
Traceback (most recent call last):
  File "C:\Users\xande\anaconda3\Lib\site-packages\wandb\sdk\lib\redirect.py", line 659, in _on_write
    cb(written_data)
  File "C:\Users\xande\anaconda3\Lib\site-packages\wandb\sdk\wandb_run.py", line 2302, in <lambda>
    lambda data: self._console_raw_callback("stderr", data),
                 ^^^^^^^^^^^^^^^^^^^^^^^^^^^^^^^^^^^^^^^^^^
  File "C:\Users\xande\anaconda3\Lib\site-packages\wandb\sdk\wandb_run.py", line 401, in wrapper_fn
    return func(self, *args, **kwargs)
           ^^^^^^^^^^^^^^^^^^^^^^^^^^^
  File "C:\Users\xande\anaconda3\Lib\site-packages\wandb\sdk\wandb_run.py", line 1444, in _console_raw_callback
    self._backend.interface.publish_output_raw(name, data)
  File "C:\Users\xande\anaconda3\Lib\site-packages\wandb\sdk\interface\interface.py", line 761, in publish_output_raw
    self._publish_output_raw(o)
  File "C:\Users\xande\anaconda3\Lib\site-packages\wandb\sdk\interface\interface_shared.py", line 38, in _publish_output_raw
    self._publish(rec)
  File "C:\Users\xande\anaconda3\Lib\site-packages\wandb\sdk\interface\interface_sock.py", line 39, in _publish
    self._sock_client.send_record_publish(record)
  File "C:\Users\xande\anaconda3\Lib\site-packages\wandb\sdk\lib\sock_client.py", line 174, in send_record_publish
    self.send_server_request(server_req)
  File "C:\Users\xande\anaconda3\Lib\site-packages\wandb\sdk\lib\sock_client.py", line 154, in send_server_request
    self._send_message(msg)
  File "C:\Users\xande\anaconda3\Lib\site-packages\wandb\sdk\lib\sock_client.py", line 151, in _send_message
    self._sendall_with_error_handle(header + data)
  File "C:\Users\xande\anaconda3\Lib\site-packages\wandb\sdk\lib\sock_client.py", line 130, in _sendall_with_error_handle
    sent = self._sock.send(data)
           ^^^^^^^^^^^^^^^^^^^^^
ConnectionResetError: [WinError 10054] De externe host heeft een verbinding verbroken
2025-04-22 14:37:28,302 ERROR   MainThread:8544 [redirect.py:_on_write():661] error in stderr callback
Traceback (most recent call last):
  File "C:\Users\xande\anaconda3\Lib\site-packages\wandb\sdk\lib\redirect.py", line 659, in _on_write
    cb(written_data)
  File "C:\Users\xande\anaconda3\Lib\site-packages\wandb\sdk\wandb_run.py", line 2302, in <lambda>
    lambda data: self._console_raw_callback("stderr", data),
                 ^^^^^^^^^^^^^^^^^^^^^^^^^^^^^^^^^^^^^^^^^^
  File "C:\Users\xande\anaconda3\Lib\site-packages\wandb\sdk\wandb_run.py", line 401, in wrapper_fn
    return func(self, *args, **kwargs)
           ^^^^^^^^^^^^^^^^^^^^^^^^^^^
  File "C:\Users\xande\anaconda3\Lib\site-packages\wandb\sdk\wandb_run.py", line 1444, in _console_raw_callback
    self._backend.interface.publish_output_raw(name, data)
  File "C:\Users\xande\anaconda3\Lib\site-packages\wandb\sdk\interface\interface.py", line 761, in publish_output_raw
    self._publish_output_raw(o)
  File "C:\Users\xande\anaconda3\Lib\site-packages\wandb\sdk\interface\interface_shared.py", line 38, in _publish_output_raw
    self._publish(rec)
  File "C:\Users\xande\anaconda3\Lib\site-packages\wandb\sdk\interface\interface_sock.py", line 39, in _publish
    self._sock_client.send_record_publish(record)
  File "C:\Users\xande\anaconda3\Lib\site-packages\wandb\sdk\lib\sock_client.py", line 174, in send_record_publish
    self.send_server_request(server_req)
  File "C:\Users\xande\anaconda3\Lib\site-packages\wandb\sdk\lib\sock_client.py", line 154, in send_server_request
    self._send_message(msg)
  File "C:\Users\xande\anaconda3\Lib\site-packages\wandb\sdk\lib\sock_client.py", line 151, in _send_message
    self._sendall_with_error_handle(header + data)
  File "C:\Users\xande\anaconda3\Lib\site-packages\wandb\sdk\lib\sock_client.py", line 130, in _sendall_with_error_handle
    sent = self._sock.send(data)
           ^^^^^^^^^^^^^^^^^^^^^
ConnectionResetError: [WinError 10054] De externe host heeft een verbinding verbroken
2025-04-22 14:37:28,305 ERROR   MainThread:8544 [redirect.py:_on_write():661] error in stdout callback
Traceback (most recent call last):
  File "C:\Users\xande\anaconda3\Lib\site-packages\wandb\sdk\lib\redirect.py", line 659, in _on_write
    cb(written_data)
  File "C:\Users\xande\anaconda3\Lib\site-packages\wandb\sdk\wandb_run.py", line 2296, in <lambda>
    lambda data: self._console_raw_callback("stdout", data),
                 ^^^^^^^^^^^^^^^^^^^^^^^^^^^^^^^^^^^^^^^^^^
  File "C:\Users\xande\anaconda3\Lib\site-packages\wandb\sdk\wandb_run.py", line 401, in wrapper_fn
    return func(self, *args, **kwargs)
           ^^^^^^^^^^^^^^^^^^^^^^^^^^^
  File "C:\Users\xande\anaconda3\Lib\site-packages\wandb\sdk\wandb_run.py", line 1444, in _console_raw_callback
    self._backend.interface.publish_output_raw(name, data)
  File "C:\Users\xande\anaconda3\Lib\site-packages\wandb\sdk\interface\interface.py", line 761, in publish_output_raw
    self._publish_output_raw(o)
  File "C:\Users\xande\anaconda3\Lib\site-packages\wandb\sdk\interface\interface_shared.py", line 38, in _publish_output_raw
    self._publish(rec)
  File "C:\Users\xande\anaconda3\Lib\site-packages\wandb\sdk\interface\interface_sock.py", line 39, in _publish
    self._sock_client.send_record_publish(record)
  File "C:\Users\xande\anaconda3\Lib\site-packages\wandb\sdk\lib\sock_client.py", line 174, in send_record_publish
    self.send_server_request(server_req)
  File "C:\Users\xande\anaconda3\Lib\site-packages\wandb\sdk\lib\sock_client.py", line 154, in send_server_request
    self._send_message(msg)
  File "C:\Users\xande\anaconda3\Lib\site-packages\wandb\sdk\lib\sock_client.py", line 151, in _send_message
    self._sendall_with_error_handle(header + data)
  File "C:\Users\xande\anaconda3\Lib\site-packages\wandb\sdk\lib\sock_client.py", line 130, in _sendall_with_error_handle
    sent = self._sock.send(data)
           ^^^^^^^^^^^^^^^^^^^^^
ConnectionResetError: [WinError 10054] De externe host heeft een verbinding verbroken
2025-04-22 14:37:28,307 ERROR   MainThread:8544 [redirect.py:_on_write():661] error in stdout callback
Traceback (most recent call last):
  File "C:\Users\xande\anaconda3\Lib\site-packages\wandb\sdk\lib\redirect.py", line 659, in _on_write
    cb(written_data)
  File "C:\Users\xande\anaconda3\Lib\site-packages\wandb\sdk\wandb_run.py", line 2296, in <lambda>
    lambda data: self._console_raw_callback("stdout", data),
                 ^^^^^^^^^^^^^^^^^^^^^^^^^^^^^^^^^^^^^^^^^^
  File "C:\Users\xande\anaconda3\Lib\site-packages\wandb\sdk\wandb_run.py", line 401, in wrapper_fn
    return func(self, *args, **kwargs)
           ^^^^^^^^^^^^^^^^^^^^^^^^^^^
  File "C:\Users\xande\anaconda3\Lib\site-packages\wandb\sdk\wandb_run.py", line 1444, in _console_raw_callback
    self._backend.interface.publish_output_raw(name, data)
  File "C:\Users\xande\anaconda3\Lib\site-packages\wandb\sdk\interface\interface.py", line 761, in publish_output_raw
    self._publish_output_raw(o)
  File "C:\Users\xande\anaconda3\Lib\site-packages\wandb\sdk\interface\interface_shared.py", line 38, in _publish_output_raw
    self._publish(rec)
  File "C:\Users\xande\anaconda3\Lib\site-packages\wandb\sdk\interface\interface_sock.py", line 39, in _publish
    self._sock_client.send_record_publish(record)
  File "C:\Users\xande\anaconda3\Lib\site-packages\wandb\sdk\lib\sock_client.py", line 174, in send_record_publish
    self.send_server_request(server_req)
  File "C:\Users\xande\anaconda3\Lib\site-packages\wandb\sdk\lib\sock_client.py", line 154, in send_server_request
    self._send_message(msg)
  File "C:\Users\xande\anaconda3\Lib\site-packages\wandb\sdk\lib\sock_client.py", line 151, in _send_message
    self._sendall_with_error_handle(header + data)
  File "C:\Users\xande\anaconda3\Lib\site-packages\wandb\sdk\lib\sock_client.py", line 130, in _sendall_with_error_handle
    sent = self._sock.send(data)
           ^^^^^^^^^^^^^^^^^^^^^
ConnectionResetError: [WinError 10054] De externe host heeft een verbinding verbroken
2025-04-22 14:37:28,309 ERROR   MainThread:8544 [redirect.py:_on_write():661] error in stderr callback
Traceback (most recent call last):
  File "C:\Users\xande\anaconda3\Lib\site-packages\wandb\sdk\lib\redirect.py", line 659, in _on_write
    cb(written_data)
  File "C:\Users\xande\anaconda3\Lib\site-packages\wandb\sdk\wandb_run.py", line 2302, in <lambda>
    lambda data: self._console_raw_callback("stderr", data),
                 ^^^^^^^^^^^^^^^^^^^^^^^^^^^^^^^^^^^^^^^^^^
  File "C:\Users\xande\anaconda3\Lib\site-packages\wandb\sdk\wandb_run.py", line 401, in wrapper_fn
    return func(self, *args, **kwargs)
           ^^^^^^^^^^^^^^^^^^^^^^^^^^^
  File "C:\Users\xande\anaconda3\Lib\site-packages\wandb\sdk\wandb_run.py", line 1444, in _console_raw_callback
    self._backend.interface.publish_output_raw(name, data)
  File "C:\Users\xande\anaconda3\Lib\site-packages\wandb\sdk\interface\interface.py", line 761, in publish_output_raw
    self._publish_output_raw(o)
  File "C:\Users\xande\anaconda3\Lib\site-packages\wandb\sdk\interface\interface_shared.py", line 38, in _publish_output_raw
    self._publish(rec)
  File "C:\Users\xande\anaconda3\Lib\site-packages\wandb\sdk\interface\interface_sock.py", line 39, in _publish
    self._sock_client.send_record_publish(record)
  File "C:\Users\xande\anaconda3\Lib\site-packages\wandb\sdk\lib\sock_client.py", line 174, in send_record_publish
    self.send_server_request(server_req)
  File "C:\Users\xande\anaconda3\Lib\site-packages\wandb\sdk\lib\sock_client.py", line 154, in send_server_request
    self._send_message(msg)
  File "C:\Users\xande\anaconda3\Lib\site-packages\wandb\sdk\lib\sock_client.py", line 151, in _send_message
    self._sendall_with_error_handle(header + data)
  File "C:\Users\xande\anaconda3\Lib\site-packages\wandb\sdk\lib\sock_client.py", line 130, in _sendall_with_error_handle
    sent = self._sock.send(data)
           ^^^^^^^^^^^^^^^^^^^^^
ConnectionResetError: [WinError 10054] De externe host heeft een verbinding verbroken
2025-04-22 14:37:28,311 ERROR   MainThread:8544 [redirect.py:_on_write():661] error in stderr callback
Traceback (most recent call last):
  File "C:\Users\xande\anaconda3\Lib\site-packages\wandb\sdk\lib\redirect.py", line 659, in _on_write
    cb(written_data)
  File "C:\Users\xande\anaconda3\Lib\site-packages\wandb\sdk\wandb_run.py", line 2302, in <lambda>
    lambda data: self._console_raw_callback("stderr", data),
                 ^^^^^^^^^^^^^^^^^^^^^^^^^^^^^^^^^^^^^^^^^^
  File "C:\Users\xande\anaconda3\Lib\site-packages\wandb\sdk\wandb_run.py", line 401, in wrapper_fn
    return func(self, *args, **kwargs)
           ^^^^^^^^^^^^^^^^^^^^^^^^^^^
  File "C:\Users\xande\anaconda3\Lib\site-packages\wandb\sdk\wandb_run.py", line 1444, in _console_raw_callback
    self._backend.interface.publish_output_raw(name, data)
  File "C:\Users\xande\anaconda3\Lib\site-packages\wandb\sdk\interface\interface.py", line 761, in publish_output_raw
    self._publish_output_raw(o)
  File "C:\Users\xande\anaconda3\Lib\site-packages\wandb\sdk\interface\interface_shared.py", line 38, in _publish_output_raw
    self._publish(rec)
  File "C:\Users\xande\anaconda3\Lib\site-packages\wandb\sdk\interface\interface_sock.py", line 39, in _publish
    self._sock_client.send_record_publish(record)
  File "C:\Users\xande\anaconda3\Lib\site-packages\wandb\sdk\lib\sock_client.py", line 174, in send_record_publish
    self.send_server_request(server_req)
  File "C:\Users\xande\anaconda3\Lib\site-packages\wandb\sdk\lib\sock_client.py", line 154, in send_server_request
    self._send_message(msg)
  File "C:\Users\xande\anaconda3\Lib\site-packages\wandb\sdk\lib\sock_client.py", line 151, in _send_message
    self._sendall_with_error_handle(header + data)
  File "C:\Users\xande\anaconda3\Lib\site-packages\wandb\sdk\lib\sock_client.py", line 130, in _sendall_with_error_handle
    sent = self._sock.send(data)
           ^^^^^^^^^^^^^^^^^^^^^
ConnectionResetError: [WinError 10054] De externe host heeft een verbinding verbroken
2025-04-22 14:37:28,313 ERROR   MainThread:8544 [redirect.py:_on_write():661] error in stderr callback
Traceback (most recent call last):
  File "C:\Users\xande\anaconda3\Lib\site-packages\wandb\sdk\lib\redirect.py", line 659, in _on_write
    cb(written_data)
  File "C:\Users\xande\anaconda3\Lib\site-packages\wandb\sdk\wandb_run.py", line 2302, in <lambda>
    lambda data: self._console_raw_callback("stderr", data),
                 ^^^^^^^^^^^^^^^^^^^^^^^^^^^^^^^^^^^^^^^^^^
  File "C:\Users\xande\anaconda3\Lib\site-packages\wandb\sdk\wandb_run.py", line 401, in wrapper_fn
    return func(self, *args, **kwargs)
           ^^^^^^^^^^^^^^^^^^^^^^^^^^^
  File "C:\Users\xande\anaconda3\Lib\site-packages\wandb\sdk\wandb_run.py", line 1444, in _console_raw_callback
    self._backend.interface.publish_output_raw(name, data)
  File "C:\Users\xande\anaconda3\Lib\site-packages\wandb\sdk\interface\interface.py", line 761, in publish_output_raw
    self._publish_output_raw(o)
  File "C:\Users\xande\anaconda3\Lib\site-packages\wandb\sdk\interface\interface_shared.py", line 38, in _publish_output_raw
    self._publish(rec)
  File "C:\Users\xande\anaconda3\Lib\site-packages\wandb\sdk\interface\interface_sock.py", line 39, in _publish
    self._sock_client.send_record_publish(record)
  File "C:\Users\xande\anaconda3\Lib\site-packages\wandb\sdk\lib\sock_client.py", line 174, in send_record_publish
    self.send_server_request(server_req)
  File "C:\Users\xande\anaconda3\Lib\site-packages\wandb\sdk\lib\sock_client.py", line 154, in send_server_request
    self._send_message(msg)
  File "C:\Users\xande\anaconda3\Lib\site-packages\wandb\sdk\lib\sock_client.py", line 151, in _send_message
    self._sendall_with_error_handle(header + data)
  File "C:\Users\xande\anaconda3\Lib\site-packages\wandb\sdk\lib\sock_client.py", line 130, in _sendall_with_error_handle
    sent = self._sock.send(data)
           ^^^^^^^^^^^^^^^^^^^^^
ConnectionResetError: [WinError 10054] De externe host heeft een verbinding verbroken
2025-04-22 14:37:28,313 ERROR   MainThread:8544 [redirect.py:_on_write():661] error in stderr callback
Traceback (most recent call last):
  File "C:\Users\xande\anaconda3\Lib\site-packages\wandb\sdk\lib\redirect.py", line 659, in _on_write
    cb(written_data)
  File "C:\Users\xande\anaconda3\Lib\site-packages\wandb\sdk\wandb_run.py", line 2302, in <lambda>
    lambda data: self._console_raw_callback("stderr", data),
                 ^^^^^^^^^^^^^^^^^^^^^^^^^^^^^^^^^^^^^^^^^^
  File "C:\Users\xande\anaconda3\Lib\site-packages\wandb\sdk\wandb_run.py", line 401, in wrapper_fn
    return func(self, *args, **kwargs)
           ^^^^^^^^^^^^^^^^^^^^^^^^^^^
  File "C:\Users\xande\anaconda3\Lib\site-packages\wandb\sdk\wandb_run.py", line 1444, in _console_raw_callback
    self._backend.interface.publish_output_raw(name, data)
  File "C:\Users\xande\anaconda3\Lib\site-packages\wandb\sdk\interface\interface.py", line 761, in publish_output_raw
    self._publish_output_raw(o)
  File "C:\Users\xande\anaconda3\Lib\site-packages\wandb\sdk\interface\interface_shared.py", line 38, in _publish_output_raw
    self._publish(rec)
  File "C:\Users\xande\anaconda3\Lib\site-packages\wandb\sdk\interface\interface_sock.py", line 39, in _publish
    self._sock_client.send_record_publish(record)
  File "C:\Users\xande\anaconda3\Lib\site-packages\wandb\sdk\lib\sock_client.py", line 174, in send_record_publish
    self.send_server_request(server_req)
  File "C:\Users\xande\anaconda3\Lib\site-packages\wandb\sdk\lib\sock_client.py", line 154, in send_server_request
    self._send_message(msg)
  File "C:\Users\xande\anaconda3\Lib\site-packages\wandb\sdk\lib\sock_client.py", line 151, in _send_message
    self._sendall_with_error_handle(header + data)
  File "C:\Users\xande\anaconda3\Lib\site-packages\wandb\sdk\lib\sock_client.py", line 130, in _sendall_with_error_handle
    sent = self._sock.send(data)
           ^^^^^^^^^^^^^^^^^^^^^
ConnectionResetError: [WinError 10054] De externe host heeft een verbinding verbroken
2025-04-22 14:37:28,318 ERROR   MainThread:8544 [redirect.py:_on_write():661] error in stderr callback
Traceback (most recent call last):
  File "C:\Users\xande\anaconda3\Lib\site-packages\wandb\sdk\lib\redirect.py", line 659, in _on_write
    cb(written_data)
  File "C:\Users\xande\anaconda3\Lib\site-packages\wandb\sdk\wandb_run.py", line 2302, in <lambda>
    lambda data: self._console_raw_callback("stderr", data),
                 ^^^^^^^^^^^^^^^^^^^^^^^^^^^^^^^^^^^^^^^^^^
  File "C:\Users\xande\anaconda3\Lib\site-packages\wandb\sdk\wandb_run.py", line 401, in wrapper_fn
    return func(self, *args, **kwargs)
           ^^^^^^^^^^^^^^^^^^^^^^^^^^^
  File "C:\Users\xande\anaconda3\Lib\site-packages\wandb\sdk\wandb_run.py", line 1444, in _console_raw_callback
    self._backend.interface.publish_output_raw(name, data)
  File "C:\Users\xande\anaconda3\Lib\site-packages\wandb\sdk\interface\interface.py", line 761, in publish_output_raw
    self._publish_output_raw(o)
  File "C:\Users\xande\anaconda3\Lib\site-packages\wandb\sdk\interface\interface_shared.py", line 38, in _publish_output_raw
    self._publish(rec)
  File "C:\Users\xande\anaconda3\Lib\site-packages\wandb\sdk\interface\interface_sock.py", line 39, in _publish
    self._sock_client.send_record_publish(record)
  File "C:\Users\xande\anaconda3\Lib\site-packages\wandb\sdk\lib\sock_client.py", line 174, in send_record_publish
    self.send_server_request(server_req)
  File "C:\Users\xande\anaconda3\Lib\site-packages\wandb\sdk\lib\sock_client.py", line 154, in send_server_request
    self._send_message(msg)
  File "C:\Users\xande\anaconda3\Lib\site-packages\wandb\sdk\lib\sock_client.py", line 151, in _send_message
    self._sendall_with_error_handle(header + data)
  File "C:\Users\xande\anaconda3\Lib\site-packages\wandb\sdk\lib\sock_client.py", line 130, in _sendall_with_error_handle
    sent = self._sock.send(data)
           ^^^^^^^^^^^^^^^^^^^^^
ConnectionResetError: [WinError 10054] De externe host heeft een verbinding verbroken
2025-04-22 14:37:28,321 ERROR   MainThread:8544 [redirect.py:_on_write():661] error in stderr callback
Traceback (most recent call last):
  File "C:\Users\xande\anaconda3\Lib\site-packages\wandb\sdk\lib\redirect.py", line 659, in _on_write
    cb(written_data)
  File "C:\Users\xande\anaconda3\Lib\site-packages\wandb\sdk\wandb_run.py", line 2302, in <lambda>
    lambda data: self._console_raw_callback("stderr", data),
                 ^^^^^^^^^^^^^^^^^^^^^^^^^^^^^^^^^^^^^^^^^^
  File "C:\Users\xande\anaconda3\Lib\site-packages\wandb\sdk\wandb_run.py", line 401, in wrapper_fn
    return func(self, *args, **kwargs)
           ^^^^^^^^^^^^^^^^^^^^^^^^^^^
  File "C:\Users\xande\anaconda3\Lib\site-packages\wandb\sdk\wandb_run.py", line 1444, in _console_raw_callback
    self._backend.interface.publish_output_raw(name, data)
  File "C:\Users\xande\anaconda3\Lib\site-packages\wandb\sdk\interface\interface.py", line 761, in publish_output_raw
    self._publish_output_raw(o)
  File "C:\Users\xande\anaconda3\Lib\site-packages\wandb\sdk\interface\interface_shared.py", line 38, in _publish_output_raw
    self._publish(rec)
  File "C:\Users\xande\anaconda3\Lib\site-packages\wandb\sdk\interface\interface_sock.py", line 39, in _publish
    self._sock_client.send_record_publish(record)
  File "C:\Users\xande\anaconda3\Lib\site-packages\wandb\sdk\lib\sock_client.py", line 174, in send_record_publish
    self.send_server_request(server_req)
  File "C:\Users\xande\anaconda3\Lib\site-packages\wandb\sdk\lib\sock_client.py", line 154, in send_server_request
    self._send_message(msg)
  File "C:\Users\xande\anaconda3\Lib\site-packages\wandb\sdk\lib\sock_client.py", line 151, in _send_message
    self._sendall_with_error_handle(header + data)
  File "C:\Users\xande\anaconda3\Lib\site-packages\wandb\sdk\lib\sock_client.py", line 130, in _sendall_with_error_handle
    sent = self._sock.send(data)
           ^^^^^^^^^^^^^^^^^^^^^
ConnectionResetError: [WinError 10054] De externe host heeft een verbinding verbroken
2025-04-22 14:37:28,321 ERROR   MainThread:8544 [redirect.py:_on_write():661] error in stderr callback
Traceback (most recent call last):
  File "C:\Users\xande\anaconda3\Lib\site-packages\wandb\sdk\lib\redirect.py", line 659, in _on_write
    cb(written_data)
  File "C:\Users\xande\anaconda3\Lib\site-packages\wandb\sdk\wandb_run.py", line 2302, in <lambda>
    lambda data: self._console_raw_callback("stderr", data),
                 ^^^^^^^^^^^^^^^^^^^^^^^^^^^^^^^^^^^^^^^^^^
  File "C:\Users\xande\anaconda3\Lib\site-packages\wandb\sdk\wandb_run.py", line 401, in wrapper_fn
    return func(self, *args, **kwargs)
           ^^^^^^^^^^^^^^^^^^^^^^^^^^^
  File "C:\Users\xande\anaconda3\Lib\site-packages\wandb\sdk\wandb_run.py", line 1444, in _console_raw_callback
    self._backend.interface.publish_output_raw(name, data)
  File "C:\Users\xande\anaconda3\Lib\site-packages\wandb\sdk\interface\interface.py", line 761, in publish_output_raw
    self._publish_output_raw(o)
  File "C:\Users\xande\anaconda3\Lib\site-packages\wandb\sdk\interface\interface_shared.py", line 38, in _publish_output_raw
    self._publish(rec)
  File "C:\Users\xande\anaconda3\Lib\site-packages\wandb\sdk\interface\interface_sock.py", line 39, in _publish
    self._sock_client.send_record_publish(record)
  File "C:\Users\xande\anaconda3\Lib\site-packages\wandb\sdk\lib\sock_client.py", line 174, in send_record_publish
    self.send_server_request(server_req)
  File "C:\Users\xande\anaconda3\Lib\site-packages\wandb\sdk\lib\sock_client.py", line 154, in send_server_request
    self._send_message(msg)
  File "C:\Users\xande\anaconda3\Lib\site-packages\wandb\sdk\lib\sock_client.py", line 151, in _send_message
    self._sendall_with_error_handle(header + data)
  File "C:\Users\xande\anaconda3\Lib\site-packages\wandb\sdk\lib\sock_client.py", line 130, in _sendall_with_error_handle
    sent = self._sock.send(data)
           ^^^^^^^^^^^^^^^^^^^^^
ConnectionResetError: [WinError 10054] De externe host heeft een verbinding verbroken
2025-04-22 14:37:28,323 ERROR   MainThread:8544 [redirect.py:_on_write():661] error in stderr callback
Traceback (most recent call last):
  File "C:\Users\xande\anaconda3\Lib\site-packages\wandb\sdk\lib\redirect.py", line 659, in _on_write
    cb(written_data)
  File "C:\Users\xande\anaconda3\Lib\site-packages\wandb\sdk\wandb_run.py", line 2302, in <lambda>
    lambda data: self._console_raw_callback("stderr", data),
                 ^^^^^^^^^^^^^^^^^^^^^^^^^^^^^^^^^^^^^^^^^^
  File "C:\Users\xande\anaconda3\Lib\site-packages\wandb\sdk\wandb_run.py", line 401, in wrapper_fn
    return func(self, *args, **kwargs)
           ^^^^^^^^^^^^^^^^^^^^^^^^^^^
  File "C:\Users\xande\anaconda3\Lib\site-packages\wandb\sdk\wandb_run.py", line 1444, in _console_raw_callback
    self._backend.interface.publish_output_raw(name, data)
  File "C:\Users\xande\anaconda3\Lib\site-packages\wandb\sdk\interface\interface.py", line 761, in publish_output_raw
    self._publish_output_raw(o)
  File "C:\Users\xande\anaconda3\Lib\site-packages\wandb\sdk\interface\interface_shared.py", line 38, in _publish_output_raw
    self._publish(rec)
  File "C:\Users\xande\anaconda3\Lib\site-packages\wandb\sdk\interface\interface_sock.py", line 39, in _publish
    self._sock_client.send_record_publish(record)
  File "C:\Users\xande\anaconda3\Lib\site-packages\wandb\sdk\lib\sock_client.py", line 174, in send_record_publish
    self.send_server_request(server_req)
  File "C:\Users\xande\anaconda3\Lib\site-packages\wandb\sdk\lib\sock_client.py", line 154, in send_server_request
    self._send_message(msg)
  File "C:\Users\xande\anaconda3\Lib\site-packages\wandb\sdk\lib\sock_client.py", line 151, in _send_message
    self._sendall_with_error_handle(header + data)
  File "C:\Users\xande\anaconda3\Lib\site-packages\wandb\sdk\lib\sock_client.py", line 130, in _sendall_with_error_handle
    sent = self._sock.send(data)
           ^^^^^^^^^^^^^^^^^^^^^
ConnectionResetError: [WinError 10054] De externe host heeft een verbinding verbroken
2025-04-22 14:37:28,325 ERROR   MainThread:8544 [redirect.py:_on_write():661] error in stderr callback
Traceback (most recent call last):
  File "C:\Users\xande\anaconda3\Lib\site-packages\wandb\sdk\lib\redirect.py", line 659, in _on_write
    cb(written_data)
  File "C:\Users\xande\anaconda3\Lib\site-packages\wandb\sdk\wandb_run.py", line 2302, in <lambda>
    lambda data: self._console_raw_callback("stderr", data),
                 ^^^^^^^^^^^^^^^^^^^^^^^^^^^^^^^^^^^^^^^^^^
  File "C:\Users\xande\anaconda3\Lib\site-packages\wandb\sdk\wandb_run.py", line 401, in wrapper_fn
    return func(self, *args, **kwargs)
           ^^^^^^^^^^^^^^^^^^^^^^^^^^^
  File "C:\Users\xande\anaconda3\Lib\site-packages\wandb\sdk\wandb_run.py", line 1444, in _console_raw_callback
    self._backend.interface.publish_output_raw(name, data)
  File "C:\Users\xande\anaconda3\Lib\site-packages\wandb\sdk\interface\interface.py", line 761, in publish_output_raw
    self._publish_output_raw(o)
  File "C:\Users\xande\anaconda3\Lib\site-packages\wandb\sdk\interface\interface_shared.py", line 38, in _publish_output_raw
    self._publish(rec)
  File "C:\Users\xande\anaconda3\Lib\site-packages\wandb\sdk\interface\interface_sock.py", line 39, in _publish
    self._sock_client.send_record_publish(record)
  File "C:\Users\xande\anaconda3\Lib\site-packages\wandb\sdk\lib\sock_client.py", line 174, in send_record_publish
    self.send_server_request(server_req)
  File "C:\Users\xande\anaconda3\Lib\site-packages\wandb\sdk\lib\sock_client.py", line 154, in send_server_request
    self._send_message(msg)
  File "C:\Users\xande\anaconda3\Lib\site-packages\wandb\sdk\lib\sock_client.py", line 151, in _send_message
    self._sendall_with_error_handle(header + data)
  File "C:\Users\xande\anaconda3\Lib\site-packages\wandb\sdk\lib\sock_client.py", line 130, in _sendall_with_error_handle
    sent = self._sock.send(data)
           ^^^^^^^^^^^^^^^^^^^^^
ConnectionResetError: [WinError 10054] De externe host heeft een verbinding verbroken
2025-04-22 14:37:28,325 ERROR   MainThread:8544 [redirect.py:_on_write():661] error in stderr callback
Traceback (most recent call last):
  File "C:\Users\xande\anaconda3\Lib\site-packages\wandb\sdk\lib\redirect.py", line 659, in _on_write
    cb(written_data)
  File "C:\Users\xande\anaconda3\Lib\site-packages\wandb\sdk\wandb_run.py", line 2302, in <lambda>
    lambda data: self._console_raw_callback("stderr", data),
                 ^^^^^^^^^^^^^^^^^^^^^^^^^^^^^^^^^^^^^^^^^^
  File "C:\Users\xande\anaconda3\Lib\site-packages\wandb\sdk\wandb_run.py", line 401, in wrapper_fn
    return func(self, *args, **kwargs)
           ^^^^^^^^^^^^^^^^^^^^^^^^^^^
  File "C:\Users\xande\anaconda3\Lib\site-packages\wandb\sdk\wandb_run.py", line 1444, in _console_raw_callback
    self._backend.interface.publish_output_raw(name, data)
  File "C:\Users\xande\anaconda3\Lib\site-packages\wandb\sdk\interface\interface.py", line 761, in publish_output_raw
    self._publish_output_raw(o)
  File "C:\Users\xande\anaconda3\Lib\site-packages\wandb\sdk\interface\interface_shared.py", line 38, in _publish_output_raw
    self._publish(rec)
  File "C:\Users\xande\anaconda3\Lib\site-packages\wandb\sdk\interface\interface_sock.py", line 39, in _publish
    self._sock_client.send_record_publish(record)
  File "C:\Users\xande\anaconda3\Lib\site-packages\wandb\sdk\lib\sock_client.py", line 174, in send_record_publish
    self.send_server_request(server_req)
  File "C:\Users\xande\anaconda3\Lib\site-packages\wandb\sdk\lib\sock_client.py", line 154, in send_server_request
    self._send_message(msg)
  File "C:\Users\xande\anaconda3\Lib\site-packages\wandb\sdk\lib\sock_client.py", line 151, in _send_message
    self._sendall_with_error_handle(header + data)
  File "C:\Users\xande\anaconda3\Lib\site-packages\wandb\sdk\lib\sock_client.py", line 130, in _sendall_with_error_handle
    sent = self._sock.send(data)
           ^^^^^^^^^^^^^^^^^^^^^
ConnectionResetError: [WinError 10054] De externe host heeft een verbinding verbroken
2025-04-22 14:37:28,328 ERROR   MainThread:8544 [redirect.py:_on_write():661] error in stderr callback
Traceback (most recent call last):
  File "C:\Users\xande\anaconda3\Lib\site-packages\wandb\sdk\lib\redirect.py", line 659, in _on_write
    cb(written_data)
  File "C:\Users\xande\anaconda3\Lib\site-packages\wandb\sdk\wandb_run.py", line 2302, in <lambda>
    lambda data: self._console_raw_callback("stderr", data),
                 ^^^^^^^^^^^^^^^^^^^^^^^^^^^^^^^^^^^^^^^^^^
  File "C:\Users\xande\anaconda3\Lib\site-packages\wandb\sdk\wandb_run.py", line 401, in wrapper_fn
    return func(self, *args, **kwargs)
           ^^^^^^^^^^^^^^^^^^^^^^^^^^^
  File "C:\Users\xande\anaconda3\Lib\site-packages\wandb\sdk\wandb_run.py", line 1444, in _console_raw_callback
    self._backend.interface.publish_output_raw(name, data)
  File "C:\Users\xande\anaconda3\Lib\site-packages\wandb\sdk\interface\interface.py", line 761, in publish_output_raw
    self._publish_output_raw(o)
  File "C:\Users\xande\anaconda3\Lib\site-packages\wandb\sdk\interface\interface_shared.py", line 38, in _publish_output_raw
    self._publish(rec)
  File "C:\Users\xande\anaconda3\Lib\site-packages\wandb\sdk\interface\interface_sock.py", line 39, in _publish
    self._sock_client.send_record_publish(record)
  File "C:\Users\xande\anaconda3\Lib\site-packages\wandb\sdk\lib\sock_client.py", line 174, in send_record_publish
    self.send_server_request(server_req)
  File "C:\Users\xande\anaconda3\Lib\site-packages\wandb\sdk\lib\sock_client.py", line 154, in send_server_request
    self._send_message(msg)
  File "C:\Users\xande\anaconda3\Lib\site-packages\wandb\sdk\lib\sock_client.py", line 151, in _send_message
    self._sendall_with_error_handle(header + data)
  File "C:\Users\xande\anaconda3\Lib\site-packages\wandb\sdk\lib\sock_client.py", line 130, in _sendall_with_error_handle
    sent = self._sock.send(data)
           ^^^^^^^^^^^^^^^^^^^^^
ConnectionResetError: [WinError 10054] De externe host heeft een verbinding verbroken
