2025-10-19 12:36:47,417 INFO    MainThread:37676 [wandb_setup.py:_flush():67] Current SDK version is 0.19.8
2025-10-19 12:36:47,417 INFO    MainThread:37676 [wandb_setup.py:_flush():67] Configure stats pid to 37676
2025-10-19 12:36:47,417 INFO    MainThread:37676 [wandb_setup.py:_flush():67] Loading settings from C:\Users\xande\.config\wandb\settings
2025-10-19 12:36:47,417 INFO    MainThread:37676 [wandb_setup.py:_flush():67] Loading settings from C:\Tue\Master\Jaar_2\graduation\code\own_approach\wandb\settings
2025-10-19 12:36:47,417 INFO    MainThread:37676 [wandb_setup.py:_flush():67] Loading settings from environment variables
2025-10-19 12:36:47,417 INFO    MainThread:37676 [wandb_init.py:setup_run_log_directory():647] Logging user logs to C:\Tue\Master\Jaar_2\graduation\code\own_approach\wandb\run-20251019_123647-kmosh02t\logs\debug.log
2025-10-19 12:36:47,417 INFO    MainThread:37676 [wandb_init.py:setup_run_log_directory():648] Logging internal logs to C:\Tue\Master\Jaar_2\graduation\code\own_approach\wandb\run-20251019_123647-kmosh02t\logs\debug-internal.log
2025-10-19 12:36:47,417 INFO    MainThread:37676 [wandb_init.py:init():761] calling init triggers
2025-10-19 12:36:47,417 INFO    MainThread:37676 [wandb_init.py:init():766] wandb.init called with sweep_config: {}
config: {'train': {'batch_size': 32, 'epochs': 100, 'ui': 'tqdm', 'checkpoint_dir': WindowsPath('../Checkpoints'), 'tuning': False}, 'data': {'data_dir': WindowsPath('C:/Tue/Master/Jaar_2/graduation/code/own_approach/data'), 'dataset_type': 'single_user', 'downsample_multiplier': 100, 'transformation': <src.signal_to_image.gaf_transform.GAF object at 0x000002578FA3BF80>, 'bvp_agg': 'sum', 'amp_pipeline': <src.signal_processing.pipeline.Pipeline object at 0x000002578FCFCA70>, 'phase_pipeline': <src.signal_processing.pipeline.Pipeline object at 0x000002578FBCA060>, 'bvp_pipeline': 0}, 'encoder': {'dropout': 0.18, 'latent_dim': 60, 'activation_fn': 'leaky', 'Backbone_type': 'CNN', 'normalization': False, 'initial_kernel_size': 7, 'init_channels': 64, 'growth_rate': 32, 'base_channels': 128, 'patch_size': 64, 'vit_depth': 6, 'vit_heads': 4, 'num_conv_layers': None, 'layers_per_stage': [2, 2, 2, 2]}, 'mt': {'d_predictor_dropout': 0.26, 'd_predictor_activation_fn': 'gelu', 'd_predictor_num_layers': 4, 'predictor_dropout': 0.28, 'predictor_activation_fn': 'selu', 'predictor_num_layers': 4}, 'agent': {'ent_coef': 0.094, 'learning_rate': 0.000312, 'buffer_size': 50000, 'train_freq': [64, 'step'], 'gradient_steps': 16, 'batch_size': 512, 'learning_starts': 1600, 'factor': 2, 'threshold': 10, 'window': 20, 'switch_epoch': 20, 'sequential': True}, 'embed': {'agent_type': 'sac', 'reward_function': 'combined', 'policy': 'do_nothing', 'embed_size': 33, 'start_epoch': 5, 'epochs': 2}, 'optim_loss': {'optimizer': 'adam', 'lr': 0.000911, 'alpha': 0.000255, 'beta': 0.5}, 'debug': {'is_debug': False, 'on_cpu': False, 'offline': False}, '_wandb': {}}
2025-10-19 12:36:47,417 INFO    MainThread:37676 [wandb_init.py:init():784] starting backend
2025-10-19 12:36:47,417 INFO    MainThread:37676 [wandb_init.py:init():788] sending inform_init request
2025-10-19 12:36:47,469 INFO    MainThread:37676 [backend.py:_multiprocessing_setup():101] multiprocessing start_methods=spawn, using: spawn
2025-10-19 12:36:47,475 INFO    MainThread:37676 [wandb_init.py:init():798] backend started and connected
2025-10-19 12:36:47,477 INFO    MainThread:37676 [wandb_init.py:init():891] updated telemetry
2025-10-19 12:36:47,480 INFO    MainThread:37676 [wandb_init.py:init():915] communicating run to backend with 90.0 second timeout
2025-10-19 12:37:29,529 INFO    Thread-7 (wrapped_target):37676 [retry.py:__call__():175] Retry attempt failed:
Traceback (most recent call last):
  File "C:\Users\xande\anaconda3\Lib\site-packages\urllib3\connection.py", line 196, in _new_conn
    sock = connection.create_connection(
           ^^^^^^^^^^^^^^^^^^^^^^^^^^^^^
  File "C:\Users\xande\anaconda3\Lib\site-packages\urllib3\util\connection.py", line 85, in create_connection
    raise err
  File "C:\Users\xande\anaconda3\Lib\site-packages\urllib3\util\connection.py", line 73, in create_connection
    sock.connect(sa)
TimeoutError: timed out

The above exception was the direct cause of the following exception:

Traceback (most recent call last):
  File "C:\Users\xande\anaconda3\Lib\site-packages\urllib3\connectionpool.py", line 789, in urlopen
    response = self._make_request(
               ^^^^^^^^^^^^^^^^^^^
  File "C:\Users\xande\anaconda3\Lib\site-packages\urllib3\connectionpool.py", line 490, in _make_request
    raise new_e
  File "C:\Users\xande\anaconda3\Lib\site-packages\urllib3\connectionpool.py", line 466, in _make_request
    self._validate_conn(conn)
  File "C:\Users\xande\anaconda3\Lib\site-packages\urllib3\connectionpool.py", line 1095, in _validate_conn
    conn.connect()
  File "C:\Users\xande\anaconda3\Lib\site-packages\urllib3\connection.py", line 615, in connect
    self.sock = sock = self._new_conn()
                       ^^^^^^^^^^^^^^^^
  File "C:\Users\xande\anaconda3\Lib\site-packages\urllib3\connection.py", line 205, in _new_conn
    raise ConnectTimeoutError(
urllib3.exceptions.ConnectTimeoutError: (<urllib3.connection.HTTPSConnection object at 0x000002578FF39A60>, 'Connection to api.wandb.ai timed out. (connect timeout=20)')

The above exception was the direct cause of the following exception:

Traceback (most recent call last):
  File "C:\Users\xande\anaconda3\Lib\site-packages\requests\adapters.py", line 589, in send
    resp = conn.urlopen(
           ^^^^^^^^^^^^^
  File "C:\Users\xande\anaconda3\Lib\site-packages\urllib3\connectionpool.py", line 843, in urlopen
    retries = retries.increment(
              ^^^^^^^^^^^^^^^^^^
  File "C:\Users\xande\anaconda3\Lib\site-packages\urllib3\util\retry.py", line 519, in increment
    raise MaxRetryError(_pool, url, reason) from reason  # type: ignore[arg-type]
    ^^^^^^^^^^^^^^^^^^^^^^^^^^^^^^^^^^^^^^^^^^^^^^^^^^^
urllib3.exceptions.MaxRetryError: HTTPSConnectionPool(host='api.wandb.ai', port=443): Max retries exceeded with url: /graphql (Caused by ConnectTimeoutError(<urllib3.connection.HTTPSConnection object at 0x000002578FF39A60>, 'Connection to api.wandb.ai timed out. (connect timeout=20)'))

During handling of the above exception, another exception occurred:

Traceback (most recent call last):
  File "C:\Users\xande\anaconda3\Lib\site-packages\wandb\sdk\lib\retry.py", line 134, in __call__
    result = self._call_fn(*args, **kwargs)
             ^^^^^^^^^^^^^^^^^^^^^^^^^^^^^^
  File "C:\Users\xande\anaconda3\Lib\site-packages\wandb\sdk\internal\internal_api.py", line 398, in execute
    return self.client.execute(*args, **kwargs)  # type: ignore
           ^^^^^^^^^^^^^^^^^^^^^^^^^^^^^^^^^^^^
  File "C:\Users\xande\anaconda3\Lib\site-packages\wandb\vendor\gql-0.2.0\wandb_gql\client.py", line 52, in execute
    result = self._get_result(document, *args, **kwargs)
             ^^^^^^^^^^^^^^^^^^^^^^^^^^^^^^^^^^^^^^^^^^^
  File "C:\Users\xande\anaconda3\Lib\site-packages\wandb\vendor\gql-0.2.0\wandb_gql\client.py", line 60, in _get_result
    return self.transport.execute(document, *args, **kwargs)
           ^^^^^^^^^^^^^^^^^^^^^^^^^^^^^^^^^^^^^^^^^^^^^^^^^
  File "C:\Users\xande\anaconda3\Lib\site-packages\wandb\sdk\lib\gql_request.py", line 58, in execute
    request = self.session.post(self.url, **post_args)
              ^^^^^^^^^^^^^^^^^^^^^^^^^^^^^^^^^^^^^^^^
  File "C:\Users\xande\anaconda3\Lib\site-packages\requests\sessions.py", line 637, in post
    return self.request("POST", url, data=data, json=json, **kwargs)
           ^^^^^^^^^^^^^^^^^^^^^^^^^^^^^^^^^^^^^^^^^^^^^^^^^^^^^^^^^
  File "C:\Users\xande\anaconda3\Lib\site-packages\requests\sessions.py", line 589, in request
    resp = self.send(prep, **send_kwargs)
           ^^^^^^^^^^^^^^^^^^^^^^^^^^^^^^
  File "C:\Users\xande\anaconda3\Lib\site-packages\requests\sessions.py", line 703, in send
    r = adapter.send(request, **kwargs)
        ^^^^^^^^^^^^^^^^^^^^^^^^^^^^^^^
  File "C:\Users\xande\anaconda3\Lib\site-packages\requests\adapters.py", line 610, in send
    raise ConnectTimeout(e, request=request)
requests.exceptions.ConnectTimeout: HTTPSConnectionPool(host='api.wandb.ai', port=443): Max retries exceeded with url: /graphql (Caused by ConnectTimeoutError(<urllib3.connection.HTTPSConnection object at 0x000002578FF39A60>, 'Connection to api.wandb.ai timed out. (connect timeout=20)'))
2025-10-19 12:37:29,606 INFO    Thread-6 (wrapped_target):37676 [retry.py:__call__():175] Retry attempt failed:
Traceback (most recent call last):
  File "C:\Users\xande\anaconda3\Lib\site-packages\urllib3\connection.py", line 196, in _new_conn
    sock = connection.create_connection(
           ^^^^^^^^^^^^^^^^^^^^^^^^^^^^^
  File "C:\Users\xande\anaconda3\Lib\site-packages\urllib3\util\connection.py", line 85, in create_connection
    raise err
  File "C:\Users\xande\anaconda3\Lib\site-packages\urllib3\util\connection.py", line 73, in create_connection
    sock.connect(sa)
TimeoutError: timed out

The above exception was the direct cause of the following exception:

Traceback (most recent call last):
  File "C:\Users\xande\anaconda3\Lib\site-packages\urllib3\connectionpool.py", line 789, in urlopen
    response = self._make_request(
               ^^^^^^^^^^^^^^^^^^^
  File "C:\Users\xande\anaconda3\Lib\site-packages\urllib3\connectionpool.py", line 490, in _make_request
    raise new_e
  File "C:\Users\xande\anaconda3\Lib\site-packages\urllib3\connectionpool.py", line 466, in _make_request
    self._validate_conn(conn)
  File "C:\Users\xande\anaconda3\Lib\site-packages\urllib3\connectionpool.py", line 1095, in _validate_conn
    conn.connect()
  File "C:\Users\xande\anaconda3\Lib\site-packages\urllib3\connection.py", line 615, in connect
    self.sock = sock = self._new_conn()
                       ^^^^^^^^^^^^^^^^
  File "C:\Users\xande\anaconda3\Lib\site-packages\urllib3\connection.py", line 205, in _new_conn
    raise ConnectTimeoutError(
urllib3.exceptions.ConnectTimeoutError: (<urllib3.connection.HTTPSConnection object at 0x000002578FF39670>, 'Connection to api.wandb.ai timed out. (connect timeout=20)')

The above exception was the direct cause of the following exception:

Traceback (most recent call last):
  File "C:\Users\xande\anaconda3\Lib\site-packages\requests\adapters.py", line 589, in send
    resp = conn.urlopen(
           ^^^^^^^^^^^^^
  File "C:\Users\xande\anaconda3\Lib\site-packages\urllib3\connectionpool.py", line 843, in urlopen
    retries = retries.increment(
              ^^^^^^^^^^^^^^^^^^
  File "C:\Users\xande\anaconda3\Lib\site-packages\urllib3\util\retry.py", line 519, in increment
    raise MaxRetryError(_pool, url, reason) from reason  # type: ignore[arg-type]
    ^^^^^^^^^^^^^^^^^^^^^^^^^^^^^^^^^^^^^^^^^^^^^^^^^^^
urllib3.exceptions.MaxRetryError: HTTPSConnectionPool(host='api.wandb.ai', port=443): Max retries exceeded with url: /graphql (Caused by ConnectTimeoutError(<urllib3.connection.HTTPSConnection object at 0x000002578FF39670>, 'Connection to api.wandb.ai timed out. (connect timeout=20)'))

During handling of the above exception, another exception occurred:

Traceback (most recent call last):
  File "C:\Users\xande\anaconda3\Lib\site-packages\wandb\sdk\lib\retry.py", line 134, in __call__
    result = self._call_fn(*args, **kwargs)
             ^^^^^^^^^^^^^^^^^^^^^^^^^^^^^^
  File "C:\Users\xande\anaconda3\Lib\site-packages\wandb\sdk\internal\internal_api.py", line 398, in execute
    return self.client.execute(*args, **kwargs)  # type: ignore
           ^^^^^^^^^^^^^^^^^^^^^^^^^^^^^^^^^^^^
  File "C:\Users\xande\anaconda3\Lib\site-packages\wandb\vendor\gql-0.2.0\wandb_gql\client.py", line 52, in execute
    result = self._get_result(document, *args, **kwargs)
             ^^^^^^^^^^^^^^^^^^^^^^^^^^^^^^^^^^^^^^^^^^^
  File "C:\Users\xande\anaconda3\Lib\site-packages\wandb\vendor\gql-0.2.0\wandb_gql\client.py", line 60, in _get_result
    return self.transport.execute(document, *args, **kwargs)
           ^^^^^^^^^^^^^^^^^^^^^^^^^^^^^^^^^^^^^^^^^^^^^^^^^
  File "C:\Users\xande\anaconda3\Lib\site-packages\wandb\sdk\lib\gql_request.py", line 58, in execute
    request = self.session.post(self.url, **post_args)
              ^^^^^^^^^^^^^^^^^^^^^^^^^^^^^^^^^^^^^^^^
  File "C:\Users\xande\anaconda3\Lib\site-packages\requests\sessions.py", line 637, in post
    return self.request("POST", url, data=data, json=json, **kwargs)
           ^^^^^^^^^^^^^^^^^^^^^^^^^^^^^^^^^^^^^^^^^^^^^^^^^^^^^^^^^
  File "C:\Users\xande\anaconda3\Lib\site-packages\requests\sessions.py", line 589, in request
    resp = self.send(prep, **send_kwargs)
           ^^^^^^^^^^^^^^^^^^^^^^^^^^^^^^
  File "C:\Users\xande\anaconda3\Lib\site-packages\requests\sessions.py", line 703, in send
    r = adapter.send(request, **kwargs)
        ^^^^^^^^^^^^^^^^^^^^^^^^^^^^^^^
  File "C:\Users\xande\anaconda3\Lib\site-packages\requests\adapters.py", line 610, in send
    raise ConnectTimeout(e, request=request)
requests.exceptions.ConnectTimeout: HTTPSConnectionPool(host='api.wandb.ai', port=443): Max retries exceeded with url: /graphql (Caused by ConnectTimeoutError(<urllib3.connection.HTTPSConnection object at 0x000002578FF39670>, 'Connection to api.wandb.ai timed out. (connect timeout=20)'))
2025-10-19 12:38:17,486 ERROR   MainThread:37676 [wandb_init.py:init():1478] error in wandb.init()
Traceback (most recent call last):
  File "C:\Users\xande\anaconda3\Lib\asyncio\tasks.py", line 520, in wait_for
    return await fut
           ^^^^^^^^^
  File "C:\Users\xande\anaconda3\Lib\asyncio\locks.py", line 212, in wait
    await fut
asyncio.exceptions.CancelledError

The above exception was the direct cause of the following exception:

Traceback (most recent call last):
  File "C:\Users\xande\anaconda3\Lib\site-packages\wandb\sdk\mailbox\response_handle.py", line 109, in wait_async
    await asyncio.wait_for(evt.wait(), timeout=timeout)
  File "C:\Users\xande\anaconda3\Lib\asyncio\tasks.py", line 519, in wait_for
    async with timeouts.timeout(timeout):
  File "C:\Users\xande\anaconda3\Lib\asyncio\timeouts.py", line 115, in __aexit__
    raise TimeoutError from exc_val
TimeoutError

The above exception was the direct cause of the following exception:

Traceback (most recent call last):
  File "C:\Users\xande\anaconda3\Lib\site-packages\wandb\sdk\wandb_init.py", line 941, in init
    result = wait_with_progress(
             ^^^^^^^^^^^^^^^^^^^
  File "C:\Users\xande\anaconda3\Lib\site-packages\wandb\sdk\mailbox\wait_with_progress.py", line 24, in wait_with_progress
    return wait_all_with_progress(
           ^^^^^^^^^^^^^^^^^^^^^^^
  File "C:\Users\xande\anaconda3\Lib\site-packages\wandb\sdk\mailbox\wait_with_progress.py", line 87, in wait_all_with_progress
    return asyncio_compat.run(progress_loop_with_timeout)
           ^^^^^^^^^^^^^^^^^^^^^^^^^^^^^^^^^^^^^^^^^^^^^^
  File "C:\Users\xande\anaconda3\Lib\site-packages\wandb\sdk\lib\asyncio_compat.py", line 30, in run
    return future.result()
           ^^^^^^^^^^^^^^^
  File "C:\Users\xande\anaconda3\Lib\concurrent\futures\_base.py", line 456, in result
    return self.__get_result()
           ^^^^^^^^^^^^^^^^^^^
  File "C:\Users\xande\anaconda3\Lib\concurrent\futures\_base.py", line 401, in __get_result
    raise self._exception
  File "C:\Users\xande\anaconda3\Lib\concurrent\futures\thread.py", line 58, in run
    result = self.fn(*self.args, **self.kwargs)
             ^^^^^^^^^^^^^^^^^^^^^^^^^^^^^^^^^^
  File "C:\Users\xande\anaconda3\Lib\site-packages\wandb\sdk\lib\asyncio_compat.py", line 74, in run
    return asyncio.run(self._run_or_cancel(fn))
           ^^^^^^^^^^^^^^^^^^^^^^^^^^^^^^^^^^^^
  File "C:\Users\xande\anaconda3\Lib\asyncio\runners.py", line 194, in run
    return runner.run(main)
           ^^^^^^^^^^^^^^^^
  File "C:\Users\xande\anaconda3\Lib\asyncio\runners.py", line 118, in run
    return self._loop.run_until_complete(task)
           ^^^^^^^^^^^^^^^^^^^^^^^^^^^^^^^^^^^
  File "C:\Users\xande\anaconda3\Lib\asyncio\base_events.py", line 687, in run_until_complete
    return future.result()
           ^^^^^^^^^^^^^^^
  File "C:\Users\xande\anaconda3\Lib\site-packages\wandb\sdk\lib\asyncio_compat.py", line 98, in _run_or_cancel
    return fn_task.result()
           ^^^^^^^^^^^^^^^^
  File "C:\Users\xande\anaconda3\Lib\site-packages\wandb\sdk\mailbox\wait_with_progress.py", line 82, in progress_loop_with_timeout
    return await _wait_handles_async(
           ^^^^^^^^^^^^^^^^^^^^^^^^^^
  File "C:\Users\xande\anaconda3\Lib\site-packages\wandb\sdk\mailbox\wait_with_progress.py", line 130, in _wait_handles_async
    async with asyncio_compat.open_task_group() as task_group:
  File "C:\Users\xande\anaconda3\Lib\contextlib.py", line 217, in __aexit__
    await anext(self.gen)
  File "C:\Users\xande\anaconda3\Lib\site-packages\wandb\sdk\lib\asyncio_compat.py", line 190, in open_task_group
    await task_group._wait_all()
  File "C:\Users\xande\anaconda3\Lib\site-packages\wandb\sdk\lib\asyncio_compat.py", line 159, in _wait_all
    raise exc
  File "C:\Users\xande\anaconda3\Lib\site-packages\wandb\sdk\mailbox\wait_with_progress.py", line 128, in wait_single
    results[index] = await handle.wait_async(timeout=timeout)
                     ^^^^^^^^^^^^^^^^^^^^^^^^^^^^^^^^^^^^^^^^
  File "C:\Users\xande\anaconda3\Lib\site-packages\wandb\sdk\mailbox\mailbox_handle.py", line 126, in wait_async
    response = await self._handle.wait_async(timeout=timeout)
               ^^^^^^^^^^^^^^^^^^^^^^^^^^^^^^^^^^^^^^^^^^^^^^
  File "C:\Users\xande\anaconda3\Lib\site-packages\wandb\sdk\mailbox\response_handle.py", line 118, in wait_async
    raise TimeoutError(
TimeoutError: Timed out waiting for response on 4p7174kfre56

During handling of the above exception, another exception occurred:

Traceback (most recent call last):
  File "C:\Users\xande\anaconda3\Lib\site-packages\wandb\sdk\wandb_init.py", line 1468, in init
    return wi.init(run_settings, run_config)
           ^^^^^^^^^^^^^^^^^^^^^^^^^^^^^^^^^
  File "C:\Users\xande\anaconda3\Lib\site-packages\wandb\sdk\wandb_init.py", line 954, in init
    raise CommError(
wandb.errors.errors.CommError: Run initialization has timed out after 90.0 sec. Please try increasing the timeout with the `init_timeout` setting: `wandb.init(settings=wandb.Settings(init_timeout=120))`.
2025-10-19 12:38:18,399 INFO    MsgRouterThr:37676 [mailbox.py:close():129] Closing mailbox, abandoning 1 handles.
