2025-03-13 14:22:17,301 INFO    MainThread:1616 [wandb_setup.py:_flush():67] Current SDK version is 0.19.8
2025-03-13 14:22:17,301 INFO    MainThread:1616 [wandb_setup.py:_flush():67] Configure stats pid to 1616
2025-03-13 14:22:17,301 INFO    MainThread:1616 [wandb_setup.py:_flush():67] Loading settings from C:\Users\xande\.config\wandb\settings
2025-03-13 14:22:17,301 INFO    MainThread:1616 [wandb_setup.py:_flush():67] Loading settings from C:\Tue\Master\Jaar_2\graduation\code\DARLInG\wandb\settings
2025-03-13 14:22:17,301 INFO    MainThread:1616 [wandb_setup.py:_flush():67] Loading settings from environment variables
2025-03-13 14:22:17,301 INFO    MainThread:1616 [wandb_init.py:setup_run_log_directory():647] Logging user logs to C:\Tue\Master\Jaar_2\graduation\code\DARLInG\wandb\run-20250313_142217-8ir9calw\logs\debug.log
2025-03-13 14:22:17,301 INFO    MainThread:1616 [wandb_init.py:setup_run_log_directory():648] Logging internal logs to C:\Tue\Master\Jaar_2\graduation\code\DARLInG\wandb\run-20250313_142217-8ir9calw\logs\debug-internal.log
2025-03-13 14:22:17,301 INFO    MainThread:1616 [wandb_init.py:init():761] calling init triggers
2025-03-13 14:22:17,301 INFO    MainThread:1616 [wandb_init.py:init():766] wandb.init called with sweep_config: {}
config: {'train': {'batch_size': 32, 'epochs': 50, 'ui': 'tqdm', 'checkpoint_dir': WindowsPath('checkpoints')}, 'data': {'data_dir': WindowsPath('data'), 'dataset_type': 'single_user_small', 'downsample_multiplier': 2, 'transformation': None, 'bvp_agg': 'sum', 'amp_pipeline': <src.signal_processing.pipeline.Pipeline object at 0x0000023A8DEB9B50>, 'phase_pipeline': <src.signal_processing.pipeline.Pipeline object at 0x0000023A8B6671A0>, 'bvp_pipeline': 1}, 'encoder': {'dropout': 0.1758769924448918, 'latent_dim': 60, 'activation_fn': 'leaky', 'num_conv_layers': 4, 'initial_kernel_size': 8}, 'mt': {'decoder_dropout': 0.25625995103954213, 'decoder_activation_fn': 'leaky', 'predictor_dropout': 0.28004446618639806, 'predictor_activation_fn': 'selu', 'predictor_num_layers': 6}, 'embed': {'value_type': 'probability-measure', 'agent_type': 'known', 'reward_function': 'contrastive', 'embed_size': 33, 'start_epoch': 35, 'epochs': 4, 'critic_num_layers': 4, 'critic_dropout': 0.5, 'actor_num_layers': 4, 'actor_dropout': 0.4, 'lr': 0.0025678916361578877, 'anneal_lr': True, 'gamma': 0.9573217957464132, 'gae_lambda': 0.8630898726372189, 'norm_advantage': True, 'clip_coef': 0.2, 'clip_value_loss': True, 'entropy_coef': 0.0, 'value_func_coef': 0.5, 'max_grad_norm': 0.5, 'target_kl': None}, 'optim_loss': {'optimizer': 'adam', 'lr': 5e-05, 'alpha': 0, 'beta': 0.5}, 'debug': {'is_debug': False, 'on_cpu': False, 'offline': False}, '_wandb': {}}
2025-03-13 14:22:17,307 INFO    MainThread:1616 [wandb_init.py:init():784] starting backend
2025-03-13 14:22:17,307 INFO    MainThread:1616 [wandb_init.py:init():788] sending inform_init request
2025-03-13 14:22:17,347 INFO    MainThread:1616 [backend.py:_multiprocessing_setup():101] multiprocessing start_methods=spawn, using: spawn
2025-03-13 14:22:17,347 INFO    MainThread:1616 [wandb_init.py:init():798] backend started and connected
2025-03-13 14:22:17,348 INFO    MainThread:1616 [wandb_init.py:init():891] updated telemetry
2025-03-13 14:22:17,350 INFO    MainThread:1616 [wandb_init.py:init():915] communicating run to backend with 90.0 second timeout
2025-03-13 14:22:17,860 INFO    MainThread:1616 [wandb_init.py:init():990] starting run threads in backend
2025-03-13 14:22:18,270 INFO    MainThread:1616 [wandb_run.py:_console_start():2375] atexit reg
2025-03-13 14:22:18,270 INFO    MainThread:1616 [wandb_run.py:_redirect():2227] redirect: wrap_raw
2025-03-13 14:22:18,270 INFO    MainThread:1616 [wandb_run.py:_redirect():2292] Wrapping output streams.
2025-03-13 14:22:18,271 INFO    MainThread:1616 [wandb_run.py:_redirect():2315] Redirects installed.
2025-03-13 14:22:18,272 INFO    MainThread:1616 [wandb_init.py:init():1032] run started, returning control to user process
2025-03-13 15:03:53,455 WARNING MsgRouterThr:1616 [router.py:message_loop():63] message_loop has been closed
Traceback (most recent call last):
  File "C:\Users\xande\anaconda3\Lib\site-packages\wandb\sdk\lib\sock_client.py", line 208, in _read_packet_bytes
    data = self._sock.recv(self._bufsize)
           ^^^^^^^^^^^^^^^^^^^^^^^^^^^^^^
OSError: [WinError 10055] Een bewerking op een socket kan niet worden uitgevoerd omdat het systeem onvoldoende bufferruimte heeft of omdat een wachtrij vol is

The above exception was the direct cause of the following exception:

Traceback (most recent call last):
  File "C:\Users\xande\anaconda3\Lib\site-packages\wandb\sdk\interface\router_sock.py", line 27, in _read_message
    return self._sock_client.read_server_response(timeout=1)
           ^^^^^^^^^^^^^^^^^^^^^^^^^^^^^^^^^^^^^^^^^^^^^^^^^
  File "C:\Users\xande\anaconda3\Lib\site-packages\wandb\sdk\lib\sock_client.py", line 235, in read_server_response
    data = self._read_packet_bytes(timeout=timeout)
           ^^^^^^^^^^^^^^^^^^^^^^^^^^^^^^^^^^^^^^^^
  File "C:\Users\xande\anaconda3\Lib\site-packages\wandb\sdk\lib\sock_client.py", line 212, in _read_packet_bytes
    raise SockClientClosedError from e
wandb.sdk.lib.sock_client.SockClientClosedError

The above exception was the direct cause of the following exception:

Traceback (most recent call last):
  File "C:\Users\xande\anaconda3\Lib\site-packages\wandb\sdk\interface\router.py", line 56, in message_loop
    msg = self._read_message()
          ^^^^^^^^^^^^^^^^^^^^
  File "C:\Users\xande\anaconda3\Lib\site-packages\wandb\sdk\interface\router_sock.py", line 29, in _read_message
    raise MessageRouterClosedError from e
wandb.sdk.interface.router.MessageRouterClosedError
2025-03-13 15:04:23,530 INFO    MsgRouterThr:1616 [mailbox.py:close():129] Closing mailbox, abandoning 3 handles.
